<?xml version="1.0" encoding="UTF-8"?>
<!-- Generated by org.testng.reporters.JUnitXMLReporter -->
<testsuite ignored="0" hostname="Sanket" failures="0" tests="12" name="Default test" time="5.757" errors="0" timestamp="2024-04-16T12:26:17 IST">
  <testcase classname="Com.winvest.test.GraphData" name="@BeforeTest tearDown" time="5.593">
    <failure type="org.openqa.selenium.SessionNotCreatedException" message="Could not start a new session. Response code 500. Message: session not created: This version of ChromeDriver only supports Chrome version 114
Current browser version is 123.0.6312.123 with binary path C:\Program Files\Google\Chrome\Application\chrome.exe 
Host info: host: &amp;apos;SANKET&amp;apos;, ip: &amp;apos;192.168.0.118&amp;apos;
Build info: version: &amp;apos;4.10.0&amp;apos;, revision: &amp;apos;c14d967899&amp;apos;
System info: os.name: &amp;apos;Windows 11&amp;apos;, os.arch: &amp;apos;amd64&amp;apos;, os.version: &amp;apos;10.0&amp;apos;, java.version: &amp;apos;17.0.7&amp;apos;
Driver info: org.openqa.selenium.chrome.ChromeDriver
Command: [null, newSession {capabilities=[Capabilities {browserName: chrome, goog:chromeOptions: {args: [--remote-allow-origins=*], extensions: []}}]}]">
      <![CDATA[org.openqa.selenium.SessionNotCreatedException: Could not start a new session. Response code 500. Message: session not created: This version of ChromeDriver only supports Chrome version 114
Current browser version is 123.0.6312.123 with binary path C:\Program Files\Google\Chrome\Application\chrome.exe 
Host info: host: 'SANKET', ip: '192.168.0.118'
Build info: version: '4.10.0', revision: 'c14d967899'
System info: os.name: 'Windows 11', os.arch: 'amd64', os.version: '10.0', java.version: '17.0.7'
Driver info: org.openqa.selenium.chrome.ChromeDriver
Command: [null, newSession {capabilities=[Capabilities {browserName: chrome, goog:chromeOptions: {args: [--remote-allow-origins=*], extensions: []}}]}]
at org.openqa.selenium.remote.ProtocolHandshake.createSession(ProtocolHandshake.java:140)
at org.openqa.selenium.remote.ProtocolHandshake.createSession(ProtocolHandshake.java:96)
at org.openqa.selenium.remote.ProtocolHandshake.createSession(ProtocolHandshake.java:68)
at org.openqa.selenium.remote.HttpCommandExecutor.execute(HttpCommandExecutor.java:163)
at org.openqa.selenium.remote.service.DriverCommandExecutor.invokeExecute(DriverCommandExecutor.java:196)
at org.openqa.selenium.remote.service.DriverCommandExecutor.execute(DriverCommandExecutor.java:171)
at org.openqa.selenium.remote.RemoteWebDriver.execute(RemoteWebDriver.java:531)
at org.openqa.selenium.remote.RemoteWebDriver.startSession(RemoteWebDriver.java:227)
at org.openqa.selenium.remote.RemoteWebDriver.<init>(RemoteWebDriver.java:154)
at org.openqa.selenium.chromium.ChromiumDriver.<init>(ChromiumDriver.java:107)
at org.openqa.selenium.chrome.ChromeDriver.<init>(ChromeDriver.java:87)
at org.openqa.selenium.chrome.ChromeDriver.<init>(ChromeDriver.java:82)
at org.openqa.selenium.chrome.ChromeDriver.<init>(ChromeDriver.java:50)
at Com.winvest.test.GraphData.tearDown(GraphData.java:21)
at java.base/jdk.internal.reflect.NativeMethodAccessorImpl.invoke0(Native Method)
at java.base/jdk.internal.reflect.NativeMethodAccessorImpl.invoke(NativeMethodAccessorImpl.java:77)
at java.base/jdk.internal.reflect.DelegatingMethodAccessorImpl.invoke(DelegatingMethodAccessorImpl.java:43)
at java.base/java.lang.reflect.Method.invoke(Method.java:568)
at org.testng.internal.MethodInvocationHelper.invokeMethod(MethodInvocationHelper.java:133)
at org.testng.internal.MethodInvocationHelper.invokeMethodConsideringTimeout(MethodInvocationHelper.java:62)
at org.testng.internal.ConfigInvoker.invokeConfigurationMethod(ConfigInvoker.java:385)
at org.testng.internal.ConfigInvoker.invokeConfigurations(ConfigInvoker.java:321)
at org.testng.TestRunner.invokeTestConfigurations(TestRunner.java:637)
at org.testng.TestRunner.beforeRun(TestRunner.java:627)
at org.testng.TestRunner.run(TestRunner.java:589)
at org.testng.SuiteRunner.runTest(SuiteRunner.java:377)
at org.testng.SuiteRunner.runSequentially(SuiteRunner.java:371)
at org.testng.SuiteRunner.privateRun(SuiteRunner.java:332)
at org.testng.SuiteRunner.run(SuiteRunner.java:276)
at org.testng.SuiteRunnerWorker.runSuite(SuiteRunnerWorker.java:53)
at org.testng.SuiteRunnerWorker.run(SuiteRunnerWorker.java:96)
at org.testng.TestNG.runSuitesSequentially(TestNG.java:1212)
at org.testng.TestNG.runSuitesLocally(TestNG.java:1134)
at org.testng.TestNG.runSuites(TestNG.java:1063)
at org.testng.TestNG.run(TestNG.java:1031)
at org.testng.remote.AbstractRemoteTestNG.run(AbstractRemoteTestNG.java:115)
at org.testng.remote.RemoteTestNG.initAndRun(RemoteTestNG.java:251)
at org.testng.remote.RemoteTestNG.main(RemoteTestNG.java:77)
]]>
    </failure>
  </testcase> <!-- @BeforeTest tearDown -->
  <testcase classname="Com.winvest.test.GraphData" name="revenuvePopMessage" time="0.0">
    <skipped/>
  </testcase> <!-- revenuvePopMessage -->
  <testcase classname="Com.winvest.test.GraphData" name="rvenuveDropDown" time="0.0">
    <skipped/>
  </testcase> <!-- rvenuveDropDown -->
  <testcase classname="Com.winvest.test.GraphData" name="revunveGraphAligment" time="0.0">
    <skipped/>
  </testcase> <!-- revunveGraphAligment -->
  <testcase classname="Com.winvest.test.GraphData" name="profitPopMessage" time="0.0">
    <skipped/>
  </testcase> <!-- profitPopMessage -->
  <testcase classname="Com.winvest.test.GraphData" name="profitDropDown" time="0.0">
    <skipped/>
  </testcase> <!-- profitDropDown -->
  <testcase classname="Com.winvest.test.GraphData" name="profitGraphAligment" time="0.0">
    <skipped/>
  </testcase> <!-- profitGraphAligment -->
  <testcase classname="Com.winvest.test.GraphData" name="Gmv_collectionPopMessage" time="0.0">
    <skipped/>
  </testcase> <!-- Gmv_collectionPopMessage -->
  <testcase classname="Com.winvest.test.GraphData" name="Gmv_collectionDropDown" time="0.0">
    <skipped/>
  </testcase> <!-- Gmv_collectionDropDown -->
  <testcase classname="Com.winvest.test.GraphData" name="Gmv_collectionGraphAligment" time="0.0">
    <skipped/>
  </testcase> <!-- Gmv_collectionGraphAligment -->
  <testcase classname="Com.winvest.test.GraphData" name="trancationPopMessage" time="0.0">
    <skipped/>
  </testcase> <!-- trancationPopMessage -->
  <testcase classname="Com.winvest.test.GraphData" name="trancationDropDown" time="0.0">
    <skipped/>
  </testcase> <!-- trancationDropDown -->
  <testcase classname="Com.winvest.test.GraphData" name="trancationGraphAligment" time="0.0">
    <skipped/>
  </testcase> <!-- trancationGraphAligment -->
</testsuite> <!-- Default test -->
